[    0.000000] Initializing cgroup subsys cpuset
[    0.000000] Initializing cgroup subsys cpu
[    0.000000] Initializing cgroup subsys cpuacct
[    0.000000] Linux version 4.4.0-165-generic (buildd@lgw01-amd64-027) (gcc version 5.4.0 20160609 (Ubuntu 5.4.0-6ubuntu1~16.04.10) ) #193-Ubuntu SMP Tue Sep 17 17:42:52 UTC 2019 (Ubuntu 4.4.0-165.193-generic 4.4.189)
[    0.000000] Command line: BOOT_IMAGE=/boot/vmlinuz-4.4.0-165-generic root=LABEL=cloudimg-rootfs ro console=tty1 console=ttyS0
[    0.000000] KERNEL supported cpus:
[    0.000000]   Intel GenuineIntel
[    0.000000]   AMD AuthenticAMD
[    0.000000]   Centaur CentaurHauls
[    0.000000] ------------[ cut here ]------------
[    0.000000] WARNING: CPU: 0 PID: 0 at /build/linux-ck91bl/linux-4.4.0/arch/x86/kernel/fpu/xstate.c:517 fpu__init_system_xstate+0x37e/0x764()
[    0.000000] XSAVE consistency problem, dumping leaves
[    0.000000] Modules linked in:
[    0.000000] CPU: 0 PID: 0 Comm: swapper Not tainted 4.4.0-165-generic #193-Ubuntu
[    0.000000]  0000000000000086 486831b3596f8031 ffffffff81e03d70 ffffffff8140c201
[    0.000000]  ffffffff81e03db8 ffffffff81cb36f8 ffffffff81e03da8 ffffffff810864e2
[    0.000000]  0000000000000008 0000000000000340 0000000000000100 ffffffff81e03e3c
[    0.000000] Call Trace:
[    0.000000]  [<ffffffff8140c201>] dump_stack+0x63/0x82
[    0.000000]  [<ffffffff810864e2>] warn_slowpath_common+0x82/0xc0
[    0.000000]  [<ffffffff8108657c>] warn_slowpath_fmt+0x5c/0x80
[    0.000000]  [<ffffffff81081f94>] ? xfeature_size+0x59/0x77
[    0.000000]  [<ffffffff81f78325>] fpu__init_system_xstate+0x37e/0x764
[    0.000000]  [<ffffffff81f68120>] ? early_idt_handler_array+0x120/0x120
[    0.000000]  [<ffffffff81f77d2e>] fpu__init_system+0x1e7/0x28e
[    0.000000]  [<ffffffff81f78f9a>] early_cpu_init+0x276/0x27c
[    0.000000]  [<ffffffff81f78f9a>] ? early_cpu_init+0x276/0x27c
[    0.000000]  [<ffffffff81f742d1>] setup_arch+0xc0/0xd1f
[    0.000000]  [<ffffffff81f68120>] ? early_idt_handler_array+0x120/0x120
[    0.000000]  [<ffffffff81f68c75>] start_kernel+0xe2/0x4a4
[    0.000000]  [<ffffffff81f68120>] ? early_idt_handler_array+0x120/0x120
[    0.000000]  [<ffffffff81f68339>] x86_64_start_reservations+0x2a/0x2c
[    0.000000]  [<ffffffff81f68485>] x86_64_start_kernel+0x14a/0x16d
[    0.000000] ---[ end trace 4d5ff9f2f68c4233 ]---
[    0.000000] CPUID[0d, 00]: eax=00000007 ebx=00000440 ecx=00000440 edx=00000000
[    0.000000] CPUID[0d, 01]: eax=00000000 ebx=00000440 ecx=00000000 edx=00000000
[    0.000000] CPUID[0d, 02]: eax=00000100 ebx=00000240 ecx=00000000 edx=00000000
[    0.000000] CPUID[0d, 03]: eax=00000000 ebx=00000000 ecx=00000000 edx=00000000
[    0.000000] CPUID[0d, 04]: eax=00000000 ebx=00000000 ecx=00000000 edx=00000000
[    0.000000] CPUID[0d, 05]: eax=00000000 ebx=00000000 ecx=00000000 edx=00000000
[    0.000000] CPUID[0d, 06]: eax=00000000 ebx=00000000 ecx=00000000 edx=00000000
[    0.000000] CPUID[0d, 07]: eax=00000000 ebx=00000000 ecx=00000000 edx=00000000
[    0.000000] CPUID[0d, 08]: eax=00000000 ebx=00000000 ecx=00000000 edx=00000000
[    0.000000] CPUID[0d, 09]: eax=00000000 ebx=00000000 ecx=00000000 edx=00000000
[    0.000000] CPUID[0d, 0a]: eax=00000000 ebx=00000000 ecx=00000000 edx=00000000
[    0.000000] CPUID[0d, 0b]: eax=00000000 ebx=00000000 ecx=00000000 edx=00000000
[    0.000000] CPUID[0d, 0c]: eax=00000000 ebx=00000000 ecx=00000000 edx=00000000
[    0.000000] CPUID[0d, 0d]: eax=00000000 ebx=00000000 ecx=00000000 edx=00000000
[    0.000000] CPUID[0d, 0e]: eax=00000000 ebx=00000000 ecx=00000000 edx=00000000
[    0.000000] CPUID[0d, 0f]: eax=00000000 ebx=00000000 ecx=00000000 edx=00000000
[    0.000000] CPUID[0d, 10]: eax=00000000 ebx=00000000 ecx=00000000 edx=00000000
[    0.000000] CPUID[0d, 11]: eax=00000000 ebx=00000000 ecx=00000000 edx=00000000
[    0.000000] x86/fpu: xstate_offset[2]:  576, xstate_sizes[2]:  256
[    0.000000] x86/fpu: Supporting XSAVE feature 0x01: 'x87 floating point registers'
[    0.000000] x86/fpu: Supporting XSAVE feature 0x02: 'SSE registers'
[    0.000000] x86/fpu: Supporting XSAVE feature 0x04: 'AVX registers'
[    0.000000] x86/fpu: Enabled xstate features 0x7, context size is 1088 bytes, using 'standard' format.
[    0.000000] e820: BIOS-provided physical RAM map:
[    0.000000] BIOS-e820: [mem 0x0000000000000000-0x000000000009fbff] usable
[    0.000000] BIOS-e820: [mem 0x000000000009fc00-0x000000000009ffff] reserved
[    0.000000] BIOS-e820: [mem 0x00000000000f0000-0x00000000000fffff] reserved
[    0.000000] BIOS-e820: [mem 0x0000000000100000-0x000000003ffeffff] usable
[    0.000000] BIOS-e820: [mem 0x000000003fff0000-0x000000003fffffff] ACPI data
[    0.000000] BIOS-e820: [mem 0x00000000fec00000-0x00000000fec00fff] reserved
[    0.000000] BIOS-e820: [mem 0x00000000fee00000-0x00000000fee00fff] reserved
[    0.000000] BIOS-e820: [mem 0x00000000fffc0000-0x00000000ffffffff] reserved
[    0.000000] NX (Execute Disable) protection: active
[    0.000000] SMBIOS 2.5 present.
[    0.000000] Hypervisor detected: KVM
[    0.000000] e820: last_pfn = 0x3fff0 max_arch_pfn = 0x400000000
[    0.000000] MTRR: Disabled
[    0.000000] x86/PAT: MTRRs disabled, skipping PAT initialization too.
[    0.000000] CPU MTRRs all blank - virtualized system.
[    0.000000] x86/PAT: Configuration [0-7]: WB  WT  UC- UC  WB  WT  UC- UC  
[    0.000000] found SMP MP-table at [mem 0x0009fff0-0x0009ffff] mapped at [ffff88000009fff0]
[    0.000000] Scanning 1 areas for low memory corruption
[    0.000000] RAMDISK: [mem 0x362fa000-0x37174fff]
[    0.000000] ACPI: Early table checksum verification disabled
[    0.000000] ACPI: RSDP 0x00000000000E0000 000024 (v02 VBOX  )
[    0.000000] ACPI: XSDT 0x000000003FFF0030 00003C (v01 VBOX   VBOXXSDT 00000001 ASL  00000061)
[    0.000000] ACPI: FACP 0x000000003FFF00F0 0000F4 (v04 VBOX   VBOXFACP 00000001 ASL  00000061)
[    0.000000] ACPI: DSDT 0x000000003FFF0470 0021FF (v02 VBOX   VBOXBIOS 00000002 INTL 20100528)
[    0.000000] ACPI: FACS 0x000000003FFF0200 000040
[    0.000000] ACPI: FACS 0x000000003FFF0200 000040
[    0.000000] ACPI: APIC 0x000000003FFF0240 00005C (v02 VBOX   VBOXAPIC 00000001 ASL  00000061)
[    0.000000] ACPI: SSDT 0x000000003FFF02A0 0001CC (v01 VBOX   VBOXCPUT 00000002 INTL 20100528)
[    0.000000] No NUMA configuration found
[    0.000000] Faking a node at [mem 0x0000000000000000-0x000000003ffeffff]
[    0.000000] NODE_DATA(0) allocated [mem 0x3ffeb000-0x3ffeffff]
[    0.000000] kvm-clock: Using msrs 4b564d01 and 4b564d00
[    0.000000] kvm-clock: cpu 0, msr 0:3ffe3001, primary cpu clock
[    0.000000] kvm-clock: using sched offset of 4107396401 cycles
[    0.000000] clocksource: kvm-clock: mask: 0xffffffffffffffff max_cycles: 0x1cd42e4dffb, max_idle_ns: 881590591483 ns
[    0.000000] Zone ranges:
[    0.000000]   DMA      [mem 0x0000000000001000-0x0000000000ffffff]
[    0.000000]   DMA32    [mem 0x0000000001000000-0x000000003ffeffff]
[    0.000000]   Normal   empty
[    0.000000]   Device   empty
[    0.000000] Movable zone start for each node
[    0.000000] Early memory node ranges
[    0.000000]   node   0: [mem 0x0000000000001000-0x000000000009efff]
[    0.000000]   node   0: [mem 0x0000000000100000-0x000000003ffeffff]
[    0.000000] Initmem setup node 0 [mem 0x0000000000001000-0x000000003ffeffff]
[    0.000000] ACPI: PM-Timer IO Port: 0x4008
[    0.000000] IOAPIC[0]: apic_id 2, version 32, address 0xfec00000, GSI 0-23
[    0.000000] ACPI: INT_SRC_OVR (bus 0 bus_irq 0 global_irq 2 dfl dfl)
[    0.000000] ACPI: INT_SRC_OVR (bus 0 bus_irq 9 global_irq 9 high level)
[    0.000000] Using ACPI (MADT) for SMP configuration information
[    0.000000] smpboot: Allowing 2 CPUs, 0 hotplug CPUs
[    0.000000] PM: Registered nosave memory: [mem 0x00000000-0x00000fff]
[    0.000000] PM: Registered nosave memory: [mem 0x0009f000-0x0009ffff]
[    0.000000] PM: Registered nosave memory: [mem 0x000a0000-0x000effff]
[    0.000000] PM: Registered nosave memory: [mem 0x000f0000-0x000fffff]
[    0.000000] e820: [mem 0x40000000-0xfebfffff] available for PCI devices
[    0.000000] Booting paravirtualized kernel on KVM
[    0.000000] clocksource: refined-jiffies: mask: 0xffffffff max_cycles: 0xffffffff, max_idle_ns: 7645519600211568 ns
[    0.000000] setup_percpu: NR_CPUS:512 nr_cpumask_bits:512 nr_cpu_ids:2 nr_node_ids:1
[    0.000000] PERCPU: Embedded 34 pages/cpu @ffff88003fc00000 s99544 r8192 d31528 u1048576
[    0.000000] Built 1 zonelists in Node order, mobility grouping on.  Total pages: 257912
[    0.000000] Policy zone: DMA32
[    0.000000] Kernel command line: BOOT_IMAGE=/boot/vmlinuz-4.4.0-165-generic root=LABEL=cloudimg-rootfs ro console=tty1 console=ttyS0
[    0.000000] PID hash table entries: 4096 (order: 3, 32768 bytes)
[    0.000000] Memory: 997732K/1048120K available (8621K kernel code, 1335K rwdata, 4032K rodata, 1484K init, 1284K bss, 50388K reserved, 0K cma-reserved)
[    0.000000] SLUB: HWalign=64, Order=0-3, MinObjects=0, CPUs=2, Nodes=1
[    0.000000] Kernel/User page tables isolation: enabled
[    0.000000] Hierarchical RCU implementation.
[    0.000000] 	Build-time adjustment of leaf fanout to 64.
[    0.000000] 	RCU restricting CPUs from NR_CPUS=512 to nr_cpu_ids=2.
[    0.000000] RCU: Adjusting geometry for rcu_fanout_leaf=64, nr_cpu_ids=2
[    0.000000] NR_IRQS:33024 nr_irqs:440 16
[    0.000000] Console: colour VGA+ 80x25
[    0.000000] console [tty1] enabled
[    0.000000] console [ttyS0] enabled
[    0.000000] tsc: Detected 2712.000 MHz processor
[    8.572829] Calibrating delay loop (skipped) preset value.. 5424.00 BogoMIPS (lpj=10848000)
[    8.586593] pid_max: default: 32768 minimum: 301
[    8.681714] ACPI: Core revision 20150930
[    8.759383] ACPI: 2 ACPI AML tables successfully acquired and loaded
[    8.869958] Security Framework initialized
[    8.941141] Yama: becoming mindful.
[    9.015339] AppArmor: AppArmor initialized
[    9.043506] Dentry cache hash table entries: 131072 (order: 8, 1048576 bytes)
[    9.051717] Inode-cache hash table entries: 65536 (order: 7, 524288 bytes)
[    9.076274] Mount-cache hash table entries: 2048 (order: 2, 16384 bytes)
[    9.080320] Mountpoint-cache hash table entries: 2048 (order: 2, 16384 bytes)
[    9.086924] Initializing cgroup subsys io
[    9.088715] Initializing cgroup subsys memory
[    9.101985] Initializing cgroup subsys devices
[    9.103768] Initializing cgroup subsys freezer
[    9.105579] Initializing cgroup subsys net_cls
[    9.157284] Initializing cgroup subsys perf_event
[    9.171515] Initializing cgroup subsys net_prio
[    9.175553] Initializing cgroup subsys hugetlb
[    9.177622] Initializing cgroup subsys pids
[    9.184359] mce: CPU supports 0 MCE banks
[    9.264867] Last level iTLB entries: 4KB 64, 2MB 8, 4MB 8
[    9.337944] Last level dTLB entries: 4KB 64, 2MB 0, 4MB 0, 1GB 4
[    9.431494] Spectre V1 : Mitigation: usercopy/swapgs barriers and __user pointer sanitization
[    9.447829] Spectre V2 : Mitigation: Full generic retpoline
[    9.501029] Spectre V2 : Spectre v2 / SpectreRSB mitigation: Filling RSB on context switch
[    9.658560] Speculative Store Bypass: Vulnerable
[    9.734348] MDS: Vulnerable: Clear CPU buffers attempted, no microcode
[    9.850086] Freeing SMP alternatives memory: 36K
[    9.934848] ftrace: allocating 32318 entries in 127 pages
[   10.138540] smpboot: APIC(0) Converting physical 0 to logical package 0
[   10.199840] smpboot: Max logical packages: 1
[   10.231407] x2apic enabled
[   10.266373] Switched APIC routing to physical x2apic.
[   10.321106] ..TIMER: vector=0x30 apic1=0 pin1=2 apic2=-1 pin2=-1
[   10.452558] smpboot: CPU0: Intel(R) Core(TM) i5-7200U CPU @ 2.50GHz (family: 0x6, model: 0x8e, stepping: 0x9)
[   10.550859] Performance Events: unsupported p6 CPU model 142 no PMU driver, software events only.
[   10.589512] KVM setup paravirtual spinlock
[   10.606370] x86: Booting SMP configuration:
[   10.671995] .... node  #0, CPUs:      #1
[   10.726255] kvm-clock: cpu 1, msr 0:3ffe3041, secondary cpu clock
[   10.738721] mce: CPU supports 0 MCE banks
[   10.742220] x86: Booted up 1 node, 2 CPUs
[   10.795914] smpboot: Total of 2 processors activated (10848.00 BogoMIPS)
[   10.901790] devtmpfs: initialized
[   10.952714] evm: security.selinux
[   11.007030] evm: security.SMACK64
[   11.045139] evm: security.SMACK64EXEC
[   11.091897] evm: security.SMACK64TRANSMUTE
[   11.144665] evm: security.SMACK64MMAP
[   11.192061] evm: security.ima
[   11.228483] evm: security.capability
[   11.286394] clocksource: jiffies: mask: 0xffffffff max_cycles: 0xffffffff, max_idle_ns: 7645041785100000 ns
[   11.392454] futex hash table entries: 512 (order: 3, 32768 bytes)
[   11.403229] pinctrl core: initialized pinctrl subsystem
[   11.411221] RTC time: 13:43:00, date: 10/09/19
[   11.416705] NET: Registered protocol family 16
[   11.434246] cpuidle: using governor ladder
[   11.478727] cpuidle: using governor menu
[   11.527367] PCCT header not found.
[   11.538103] ACPI: bus type PCI registered
[   11.549292] acpiphp: ACPI Hot Plug PCI Controller Driver version: 0.5
[   11.567607] PCI: Using configuration type 1 for base access
[   11.599665] ACPI: Added _OSI(Module Device)
[   11.644007] ACPI: Added _OSI(Processor Device)
[   11.645998] ACPI: Added _OSI(3.0 _SCP Extensions)
[   11.651821] ACPI: Added _OSI(Processor Aggregator Device)
[   11.673057] ACPI: Executed 1 blocks of module-level executable AML code
[   11.685890] ACPI: Interpreter enabled
[   11.705578] ACPI: (supports S0 S5)
[   11.710789] ACPI: Using IOAPIC for interrupt routing
[   11.730992] PCI: Using host bridge windows from ACPI; if necessary, use "pci=nocrs" and report a bug
[   11.746876] ACPI: PCI Root Bridge [PCI0] (domain 0000 [bus 00-ff])
[   11.777367] acpi PNP0A03:00: _OSC: OS supports [ASPM ClockPM Segments MSI]
[   11.809654] acpi PNP0A03:00: _OSC: not requesting OS control; OS requires [ExtendedConfig ASPM ClockPM MSI]
[   11.817538] acpi PNP0A03:00: fail to add MMCONFIG information, can't access extended PCI configuration space under this bridge.
[   11.865044] PCI host bridge to bus 0000:00
[   11.879567] pci_bus 0000:00: root bus resource [io  0x0000-0x0cf7 window]
[   11.972890] pci_bus 0000:00: root bus resource [io  0x0d00-0xffff window]
[   12.074676] pci_bus 0000:00: root bus resource [mem 0x000a0000-0x000bffff window]
[   12.165745] pci_bus 0000:00: root bus resource [mem 0x40000000-0xffdfffff window]
[   12.233806] pci_bus 0000:00: root bus resource [bus 00-ff]
[   12.272367] pci 0000:00:01.1: legacy IDE quirk: reg 0x10: [io  0x01f0-0x01f7]
[   12.353195] pci 0000:00:01.1: legacy IDE quirk: reg 0x14: [io  0x03f6]
[   12.451927] pci 0000:00:01.1: legacy IDE quirk: reg 0x18: [io  0x0170-0x0177]
[   12.540732] pci 0000:00:01.1: legacy IDE quirk: reg 0x1c: [io  0x0376]
[   12.626720] pci 0000:00:07.0: quirk: [io  0x4000-0x403f] claimed by PIIX4 ACPI
[   12.646358] pci 0000:00:07.0: quirk: [io  0x4100-0x410f] claimed by PIIX4 SMB
[   12.677053] ACPI: PCI Interrupt Link [LNKA] (IRQs 5 9 10 *11)
[   12.703324] ACPI: PCI Interrupt Link [LNKB] (IRQs 5 9 10 *11)
[   12.706449] ACPI: PCI Interrupt Link [LNKC] (IRQs 5 9 *10 11)
[   12.726509] ACPI: PCI Interrupt Link [LNKD] (IRQs 5 *9 10 11)
[   12.740513] ACPI: Enabled 2 GPEs in block 00 to 07
[   12.754637] vgaarb: setting as boot device: PCI:0000:00:02.0
[   12.790661] vgaarb: device added: PCI:0000:00:02.0,decodes=io+mem,owns=io+mem,locks=none
[   12.843476] vgaarb: loaded
[   12.890243] vgaarb: bridge control possible 0000:00:02.0
[   12.962140] SCSI subsystem initialized
[   13.006368] ACPI: bus type USB registered
[   13.060506] usbcore: registered new interface driver usbfs
[   13.140434] usbcore: registered new interface driver hub
[   13.189119] usbcore: registered new device driver usb
[   13.265274] PCI: Using ACPI for IRQ routing
[   13.342242] NetLabel: Initializing
[   13.400168] NetLabel:  domain hash size = 128
[   13.444981] NetLabel:  protocols = UNLABELED CIPSOv4
[   13.470643] NetLabel:  unlabeled traffic allowed by default
[   13.508186] amd_nb: Cannot enumerate AMD northbridges
[   13.546515] clocksource: Switched to clocksource kvm-clock
[   13.601083] AppArmor: AppArmor Filesystem Enabled
[   13.623350] pnp: PnP ACPI init
[   13.654549] pnp: PnP ACPI: found 3 devices
[   13.690697] clocksource: acpi_pm: mask: 0xffffff max_cycles: 0xffffff, max_idle_ns: 2085701024 ns
[   13.695788] NET: Registered protocol family 2
[   13.697765] TCP established hash table entries: 8192 (order: 4, 65536 bytes)
[   13.717634] TCP bind hash table entries: 8192 (order: 5, 131072 bytes)
[   13.734039] TCP: Hash tables configured (established 8192 bind 8192)
[   13.772387] UDP hash table entries: 512 (order: 2, 16384 bytes)
[   13.775470] UDP-Lite hash table entries: 512 (order: 2, 16384 bytes)
[   13.778924] NET: Registered protocol family 1
[   13.784536] pci 0000:00:00.0: Limiting direct PCI/PCI transfers
[   13.788370] pci 0000:00:01.0: Activating ISA DMA hang workarounds
[   13.804388] Unpacking initramfs...
[   14.224908] Freeing initrd memory: 14828K
[   14.277588] clocksource: tsc: mask: 0xffffffffffffffff max_cycles: 0x2717868ea45, max_idle_ns: 440795316085 ns
[   14.453880] platform rtc_cmos: registered platform RTC device (no PNP device found)
[   14.549699] Scanning for low memory corruption every 60 seconds
[   14.559725] audit: initializing netlink subsys (disabled)
[   14.623563] audit: type=2000 audit(1570628576.907:1): initialized
[   14.695661] Initialise system trusted keyring
[   14.761749] HugeTLB registered 2 MB page size, pre-allocated 0 pages
[   14.865471] zbud: loaded
[   14.921941] VFS: Disk quotas dquot_6.6.0
[   15.005737] VFS: Dquot-cache hash table entries: 512 (order 0, 4096 bytes)
[   15.016640] squashfs: version 4.0 (2009/01/31) Phillip Lougher
[   15.029132] fuse init (API version 7.23)
[   15.033823] Key type big_key registered
[   15.037464] Allocating IMA MOK and blacklist keyrings.
[   15.053700] Key type asymmetric registered
[   15.079716] Asymmetric key parser 'x509' registered
[   15.094681] Block layer SCSI generic (bsg) driver version 0.4 loaded (major 249)
[   15.109584] io scheduler noop registered
[   15.120539] io scheduler deadline registered (default)
[   15.136973] io scheduler cfq registered
[   15.147085] pci_hotplug: PCI Hot Plug PCI Core version: 0.5
[   15.255616] pciehp: PCI Express Hot Plug Controller Driver version: 0.4
[   15.404225] ACPI: AC Adapter [AC] (off-line)
[   15.496282] input: Power Button as /devices/LNXSYSTM:00/LNXPWRBN:00/input/input0
[   15.595277] ACPI: Power Button [PWRF]
[   15.639961] input: Sleep Button as /devices/LNXSYSTM:00/LNXSLPBN:00/input/input1
[   15.742375] ACPI: Sleep Button [SLPF]
[   15.842896] GHES: HEST is not enabled!
[   15.844415] ACPI: Battery Slot [BAT0] (battery present)
[   16.029578] Serial: 8250/16550 driver, 32 ports, IRQ sharing enabled
[   16.057515] 00:02: ttyS0 at I/O 0x3f8 (irq = 4, base_baud = 115200) is a 16550A
[   16.102093] Linux agpgart interface v0.103
[   16.131824] loop: module loaded
[   16.141600] scsi host0: ata_piix
[   16.153116] scsi host1: ata_piix
[   16.169197] ata1: PATA max UDMA/33 cmd 0x1f0 ctl 0x3f6 bmdma 0xd000 irq 14
[   16.182307] ata2: PATA max UDMA/33 cmd 0x170 ctl 0x376 bmdma 0xd008 irq 15
[   16.185802] libphy: Fixed MDIO Bus: probed
[   16.188339] tun: Universal TUN/TAP device driver, 1.6
[   16.197643] tun: (C) 1999-2004 Max Krasnyansky <maxk@qualcomm.com>
[   16.203515] PPP generic driver version 2.4.2
[   16.207824] ehci_hcd: USB 2.0 'Enhanced' Host Controller (EHCI) Driver
[   16.213485] ehci-pci: EHCI PCI platform driver
[   16.220420] ehci-platform: EHCI generic platform driver
[   16.227551] ohci_hcd: USB 1.1 'Open' Host Controller (OHCI) Driver
[   16.230836] ohci-pci: OHCI PCI platform driver
[   16.232845] ohci-platform: OHCI generic platform driver
[   16.253881] uhci_hcd: USB Universal Host Controller Interface driver
[   16.256461] i8042: PNP: PS/2 Controller [PNP0303:PS2K,PNP0f03:PS2M] at 0x60,0x64 irq 1,12
[   16.264351] serio: i8042 KBD port at 0x60,0x64 irq 1
[   16.282490] serio: i8042 AUX port at 0x60,0x64 irq 12
[   16.299796] mousedev: PS/2 mouse device common for all mice
[   16.303609] input: AT Translated Set 2 keyboard as /devices/platform/i8042/serio0/input/input2
[   16.408857] rtc_cmos rtc_cmos: rtc core: registered rtc_cmos as rtc0
[   16.499158] rtc_cmos rtc_cmos: alarms up to one day, 114 bytes nvram
[   16.524390] i2c /dev entries driver
[   16.529838] device-mapper: uevent: version 1.0.3
[   16.541305] device-mapper: ioctl: 4.34.0-ioctl (2015-10-28) initialised: dm-devel@redhat.com
[   16.667906] ledtrig-cpu: registered to indicate activity on CPUs
[   16.773316] NET: Registered protocol family 10
[   16.852343] NET: Registered protocol family 17
[   16.936452] Key type dns_resolver registered
[   17.000443] registered taskstats version 1
[   17.030900] Loading compiled-in X.509 certificates
[   17.137174] Loaded X.509 cert 'Build time autogenerated kernel key: 0ed82eac04367aa6426493b1389455ebf6830eaa'
[   17.239459] zswap: loaded using pool lzo/zbud
[   17.253493] Key type trusted registered
[   17.261808] Key type encrypted registered
[   17.283232] AppArmor: AppArmor sha1 policy hashing enabled
[   17.303295] ima: No TPM chip found, activating TPM-bypass!
[   17.327624] ima: Allocated hash algorithm: sha1
[   17.332233] evm: HMAC attrs: 0x1
[   17.360071]   Magic number: 7:762:735
[   17.375137] rtc_cmos rtc_cmos: setting system clock to 2019-10-09 13:43:06 UTC (1570628586)
[   17.395122] BIOS EDD facility v0.16 2004-Jun-25, 0 devices found
[   17.412212] EDD information not available.
[   17.415736] Freeing unused kernel memory: 1484K
[   17.443213] Write protecting the kernel read-only data: 14336k
[   17.448096] Freeing unused kernel memory: 1608K
[   17.452064] Freeing unused kernel memory: 64K
Loading, please wait...
[   17.485562] random: systemd-udevd: uninitialized urandom read (16 bytes read, 7 bits of entropy available)
starting version[   17.487103] random: udevadm: uninitialized urandom read (16 bytes read, 7 bits of entropy available)
 229
[   17.487129] random: udevadm: uninitialized urandom read (16 bytes read, 7 bits of entropy available)
[   17.501542] random: udevadm: uninitialized urandom read (16 bytes read, 7 bits of entropy available)
[   17.501583] random: udevadm: uninitialized urandom read (16 bytes read, 7 bits of entropy available)
[   17.501727] random: udevadm: uninitialized urandom read (16 bytes read, 7 bits of entropy available)
[   17.501776] random: udevadm: uninitialized urandom read (16 bytes read, 7 bits of entropy available)
[   17.501835] random: udevadm: uninitialized urandom read (16 bytes read, 7 bits of entropy available)
[   17.501886] random: udevadm: uninitialized urandom read (16 bytes read, 7 bits of entropy available)
[   17.501933] random: udevadm: uninitialized urandom read (16 bytes read, 7 bits of entropy available)
[   18.463177] e1000: Intel(R) PRO/1000 Network Driver - version 7.3.21-k8-NAPI
[   18.463181] Fusion MPT base driver 3.04.20
[   18.463182] Copyright (c) 1999-2008 LSI Corporation
[   18.514961] e1000: Copyright (c) 1999-2006 Intel Corporation.
[   18.553764] AVX version of gcm_enc/dec engaged.
[   18.556532] AES CTR mode by8 optimization enabled
[   18.587558] Fusion MPT SPI Host driver 3.04.20
[   18.756175] input: ImExPS/2 Generic Explorer Mouse as /devices/platform/i8042/serio1/input/input4
[   19.022430] e1000 0000:00:03.0 eth0: (PCI:33MHz:32-bit) 02:0e:9b:2d:5b:92
[   19.122503] e1000 0000:00:03.0 eth0: Intel(R) PRO/1000 Network Connection
[   19.221804] e1000 0000:00:03.0 enp0s3: renamed from eth0
[   19.275012] mptbase: ioc0: Initiating bringup
[   19.402834] ioc0: LSI53C1030 A0: Capabilities={Initiator}
[   19.670939] scsi host2: ioc0: LSI53C1030 A0, FwRev=00000000h, Ports=1, MaxQ=256, IRQ=20
[   19.886768] scsi 2:0:0:0: Direct-Access     VBOX     HARDDISK         1.0  PQ: 0 ANSI: 5
[   20.007640] scsi target2:0:0: Beginning Domain Validation
[   20.147298] scsi target2:0:0: Domain Validation skipping write tests
[   20.190808] scsi target2:0:0: Ending Domain Validation
[   20.265007] scsi target2:0:0: asynchronous
[   20.348629] scsi 2:0:1:0: Direct-Access     VBOX     HARDDISK         1.0  PQ: 0 ANSI: 5
[   20.557365] scsi target2:0:1: Beginning Domain Validation
[   20.706804] scsi target2:0:1: Domain Validation skipping write tests
[   20.725863] scsi target2:0:1: Ending Domain Validation
[   20.753039] scsi target2:0:1: asynchronous
[   20.783217] sd 2:0:0:0: [sda] 20971520 512-byte logical blocks: (10.7 GB/10.0 GiB)
[   20.783597] sd 2:0:0:0: Attached scsi generic sg0 type 0
[   20.880162] sd 2:0:1:0: Attached scsi generic sg1 type 0
[   20.880484] sd 2:0:1:0: [sdb] 20480 512-byte logical blocks: (10.5 MB/10.0 MiB)
[   20.880654] sd 2:0:1:0: [sdb] Write Protect is off
[   20.880783] sd 2:0:1:0: [sdb] Incomplete mode parameter data
[   20.880785] sd 2:0:1:0: [sdb] Assuming drive cache: write through
[   20.887296] sd 2:0:1:0: [sdb] Attached SCSI disk
[   21.108595] sd 2:0:0:0: [sda] Write Protect is off
[   21.160750] sd 2:0:0:0: [sda] Incomplete mode parameter data
[   21.232443] sd 2:0:0:0: [sda] Assuming drive cache: write through
[   21.343484]  sda: sda1
[   21.357534] sd 2:0:0:0: [sda] Attached SCSI disk
Begin: Loading e[   23.328472] md: linear personality registered for level -1
ssential drivers ... [   23.386946] md: multipath personality registered for level -4
[   23.397669] md: raid0 personality registered for level 0
[   23.430692] md: raid1 personality registered for level 1
[   23.535062] raid6: sse2x1   gen()  5969 MB/s
[   23.654701] raid6: sse2x1   xor()  4749 MB/s
[   23.799156] raid6: sse2x2   gen()  8032 MB/s
[   23.914550] raid6: sse2x2   xor()  5333 MB/s
[   24.058656] raid6: sse2x4   gen()  8519 MB/s
[   24.191429] raid6: sse2x4   xor()  5962 MB/s
[   24.212594] raid6: using algorithm sse2x4 gen() 8519 MB/s
[   24.228167] raid6: .... xor() 5962 MB/s, rmw enabled
[   24.291445] raid6: using ssse3x2 recovery algorithm
[   24.369093] xor: automatically using best checksumming function:
[   24.534584]    avx       : 15511.000 MB/sec
[   24.546297] async_tx: api initialized (async)
[   24.579924] md: raid6 personality registered for level 6
[   24.605834] md: raid5 personality registered for level 5
[   24.615292] md: raid4 personality registered for level 4
[   24.641832] md: raid10 personality registered for level 10
done.
Begin: Running /scripts/init-premount ... done.
Begin: Mounti[   24.733632] Btrfs loaded
ng root file system ... Begin: Running /scripts/local-top ... do[   24.809091] EXT4-fs (sda1): mounted filesystem with ordered data mode. Opts: (null)
ne.
Begin: Running /scripts/local-premount ... Scanning for Btrfs filesystems
done.
Warning: fsck not present, so skipping root file system
done.
Begin: Running /scripts/local-bottom ... done.
Begin: Running /scripts/init-bottom ... done.
[   25.121293] systemd[1]: systemd 229 running in system mode. (+PAM +AUDIT +SELINUX +IMA +APPARMOR +SMACK +SYSVINIT +UTMP +LIBCRYPTSETUP +GCRYPT +GNUTLS +ACL +XZ -LZ4 +SECCOMP +BLKID +ELFUTILS +KMOD -IDN)
[   25.337436] systemd[1]: Detected virtualization oracle.
[   25.452269] systemd[1]: Detected architecture x86-64.

Welcome to [1mUbuntu 16.04.6 LTS[0m!

[   25.644211] systemd[1]: Set hostname to <ubuntu>.
[   25.727385] systemd[1]: Initializing machine ID from random generator.
[   25.754618] systemd[1]: Installed transient /etc/machine-id file.
[   25.871157] random: nonblocking pool is initialized
[   26.003368] systemd[1]: Listening on Journal Socket (/dev/log).
[[0;32m  OK  [0m] Listening on Journal Socket (/dev/log).
[   26.151791] systemd[1]: Reached target System Time Synchronized.
[[0;32m  OK  [0m] Reached target System Time Synchronized.
[   26.295053] systemd[1]: Listening on /dev/initctl Compatibility Named Pipe.
[[0;32m  OK  [0m] Listening on /dev/initctl Compatibility Named Pipe.
[   26.399423] systemd[1]: Reached target Swap.
[[0;32m  OK  [0m] Reached target Swap.
[   26.563532] systemd[1]: Reached target User and Group Name Lookups.
[[0;32m  OK  [0m] Reached target User and Group Name Lookups.
[   26.740354] systemd[1]: Listening on LVM2 metadata daemon socket.
[[0;32m  OK  [0m] Listening on LVM2 metadata daemon socket.
[   26.763608] systemd[1]: Listening on Device-mapper event daemon FIFOs.
[[0;32m  OK  [0m] Listening on Device-mapper event daemon FIFOs.
[   26.911710] systemd[1]: Listening on Syslog Socket.
[[0;32m  OK  [0m] Listening on Syslog Socket.
[   26.975787] systemd[1]: Started Forward Password Requests to Wall Directory Watch.
[[0;32m  OK  [0m] Started Forward Password Requests to Wall Directory Watch.
[   27.035716] systemd[1]: Set up automount Arbitrary Executable File Formats File System Automount Point.
[[0;32m  OK  [0m] Set up automount Arbitrary Executab...ats File System Automount Point.
[   27.179328] systemd[1]: Reached target Encrypted Volumes.
[[0;32m  OK  [0m] Reached target Encrypted Volumes.
[   27.363531] systemd[1]: Listening on Journal Socket.
[[0;32m  OK  [0m] Listening on Journal Socket.
[   27.460505] systemd[1]: Listening on udev Control Socket.
[[0;32m  OK  [0m] Listening on udev Control Socket.
[   27.497081] systemd[1]: Created slice User and Session Slice.
[[0;32m  OK  [0m] Created slice User and Session Slice.
[   27.564136] systemd[1]: Listening on LVM2 poll daemon socket.
[[0;32m  OK  [0m] Listening on LVM2 poll daemon socket.
[   27.696223] systemd[1]: Started Trigger resolvconf update for networkd DNS.
[[0;32m  OK  [0m] Started Trigger resolvconf update for networkd DNS.
[   27.976420] systemd[1]: Created slice System Slice.
[[0;32m  OK  [0m] Created slice System Slice.
[   28.130799] systemd[1]: Mounting Huge Pages File System...
         Mounting Huge Pages File System...
[   28.184730] systemd[1]: Mounting Debug File System...
         Mounting Debug File System...
[   28.195220] systemd[1]: Starting Uncomplicated firewall...
         Starting Uncomplicated firewall...
[   28.262878] systemd[1]: Starting Monitoring of LVM2 mirrors, snapshots etc. using dmeventd or progress polling...
         Starting Monitoring of LVM2 mirrors... dmeventd or progress polling...
[   28.334343] systemd[1]: Created slice system-serial\x2dgetty.slice.
[[0;32m  OK  [0m] Created slice system-serial\x2dgetty.slice.
[   28.478846] systemd[1]: Starting Load Kernel Modules...
[   28.507898] Loading iSCSI transport class v2.0-870.
         Starting Load Kernel Mo[   28.520871] iscsi: registered transport (tcp)
dules...
[   28.538791] systemd[1]: Starting Set console keymap...
         Starting Set console keymap...
[   28.569095] systemd[1]: Reached target Slices.
[[0;32m  OK  [0m] Reached targ[   28.629345] iscsi: registered transport (iser)
et Slices.
[   28.659436] systemd[1]: Starting Remount Root and Kernel File Systems...
         Startin[   28.695319] EXT4-fs (sda1): re-mounted. Opts: (null)
g Remount Root and Kernel File Systems...
[   28.770676] systemd[1]: Mounting POSIX Message Queue File System...
         Mounting POSIX Message Queue File System...
[   28.975717] systemd[1]: Starting Nameserver information manager...
         Starting Nameserver information manager...
[   29.072116] systemd[1]: Listening on Journal Audit Socket.
[[0;32m  OK  [0m] Listening on Journal Audit Socket.
[   29.243555] systemd[1]: Listening on udev Kernel Socket.
[[0;32m  OK  [0m] Listening on udev Kernel Socket.
[   29.371865] systemd[1]: Starting Journal Service...
         Starting Journal Service...
[   29.399059] systemd[1]: Starting Create list of required static device nodes for the current kernel...
         Starting Create list of required st... nodes for the current kernel...
[   29.505038] systemd[1]: Mounted POSIX Message Queue File System.
[[0;32m  OK  [0m] Mounted POSIX Message Queue File System.
[   29.603394] systemd[1]: Mounted Debug File System.
[[0;32m  OK  [0m] Mounted Debug File System.
[   29.675900] systemd[1]: Mounted Huge Pages File System.
[[0;32m  OK  [0m] Mounted Huge Pages File System.
[   29.799924] systemd[1]: Started Journal Service.
[[0;32m  OK  [0m] Started Journal Service.
[[0;32m  OK  [0m] Started Uncomplicated firewall.
[[0;32m  OK  [0m] Started Load Kernel Modules.
[[0;32m  OK  [0m] Started Set console keymap.
[[0;32m  OK  [0m] Started Remount Root and Kernel File Systems.
[[0;32m  OK  [0m] Started Create list of required sta...ce nodes for the current kernel.
[[0;32m  OK  [0m] Started Nameserver information manager.
[[0;32m  OK  [0m] Started LVM2 metadata daemon.
         Starting Create Static Device Nodes in /dev...
         Starting Load/Save Random Seed...
         Starting udev Coldplug all Devices...
         Mounting FUSE Control File System...
         Starting Apply Kernel Variables...
         Starting Flush Journal to Persistent Storage...
[[0;32m  OK  [0m] Mounted FUSE Control File System.
[[0;32m  OK  [0m] Started Monitoring of LVM2 mirrors,...ng dmeventd or progress polling.
[[0;32m  OK  [0m] Started Create Static Device Nodes in /dev.
[[0;32m  OK  [0m] Started Load/Save Random Seed.
[[0;32m  OK  [0m] Started Apply Kernel Variables.
[[0;32m  OK  [0m] Started udev Coldplug all Devices.
[[0;32m  OK  [0m] Started Flush Journal to Persistent Storage.
         Starting udev Kernel Device Manager...
[[0;32m  OK  [0m] Reached target Local File Systems (Pre).
[[0;32m  OK  [0m] Reached target Local File Systems.
         Starting LSB: AppArmor initialization...
         Starting Set console font and keymap...
         Starting Commit a transient machine-id on disk...
         Starting Create Volatile Files and Directories...
         Starting Tell Plymouth To Write Out Runtime Data...
         Starting Initial cloud-init job (pre-networking)...
[[0;32m  OK  [0m] Started udev Kernel Device Manager.
[[0;32m  OK  [0m] Started Commit a transient machine-id on disk.
[[0;32m  OK  [0m] Started Create Volatile Files and Directories.
[[0;32m  OK  [0m] Started Tell Plymouth To Write Out Runtime Data.
[[0;32m  OK  [0m] Found device /dev/ttyS0.
         Starting Update UTMP about System Boot/Shutdown...
[[0;32m  OK  [0m] Started Dispatch Password Requests to Console Directory Watch.
[[0;32m  OK  [0m] Started Update UTMP about System Boot/Shutdown.
[[0;32m  OK  [0m] Listening on Load/Save RF Kill Switch Status /dev/rfkill Watch.
[   21.568482] [cloud-init[0;32m  OK  [0m[523]: ] Cloud-init v. 19.2-36-g059d049c-0ubuntu1~16.04.1 running 'init-local' at Wed, 09 Oct 2019 13:43:22 +0000. Up 20.65 seconds.Started Initial cloud-init job (pre-networking).

[[0;32m  OK  [0m] Reached target Network (Pre).
[[0;32m  OK  [0m] Started LSB: AppArmor initialization.
         Starting Raise network interfaces...
[[0;32m  OK  [0m] Started Set console font and keymap.
[[0;32m  OK  [0m] Created slice system-getty.slice.
[[0;32m  OK  [0m] Started Raise network interfaces.
[[0;32m  OK  [0m] Reached target Network.
         Starting Initial cloud-init job (metadata service crawler)...
[   25.493093] cloud-init[961]: Cloud-init v. 19.2-36-g059d049c-0ubuntu1~16.04.1 running 'init' at Wed, 09 Oct 2019 13:43:26 +0000. Up 24.36 seconds.
[   25.661316] cloud-init[961]: ci-info: +++++++++++++++++++++++++++++++++++++Net device info++++++++++++++++++++++++++++++++++++++
[[0;32m  OK  [0m] Started Initial cloud-init job (metadata service crawler).
[   25.796361] [[0;32m  OK  [0m] Reached target Network is Online.cloud-init
[961]: ci-info: +--------+------+---------------------------+---------------+--------+-------------------+
[   26.027168]          Starting iSCSI initiator daemon (iscsid)...
cloud-init[961]: ci-info: | Device |  Up  |          Address          |      Mask     | Scope  |     Hw-Address    |
[   26.162111] [cloud-init[0;32m  OK  [0m[961]: ] ci-info: +--------+------+---------------------------+---------------+--------+-------------------+Reached target Cloud-config availability.

[[0;32m  OK  [0m] Reached target System Initialization.
[   26.163962] cloud-init[961]: ci-info: | enp0s3 | True |         10.0.2.15         | 255.255.255.0 | global | 02:0e:9b:2d:5b:92 |
[   26.529551] [cloud-init[0;32m  OK  [0m[961]: ] ci-info: | enp0s3 | True | fe80::e:9bff:fe2d:5b92/64 |       .       |  link  | 02:0e:9b:2d:5b:92 |Started Daily apt download activities.

[   26.531425] [cloud-init[0;32m  OK  [0m[961]: ] ci-info: |   lo   | True |         127.0.0.1         |   255.0.0.0   |  host  |         .         |Started Daily apt upgrade and clean activities.

[   26.945865]          cloud-initStarting LXD - unix socket.[961]: 
ci-info: |   lo   | True |          ::1/128          |       .       |  host  |         .         |
[   27.124930]          cloud-initStarting Socket activation for snappy daemon.[961]: 
ci-info: +--------+------+---------------------------+---------------+--------+-------------------+
[   27.127032] cloud-init[961]: ci-info: +++++++++++++++++++++++++++Route IPv4 info++++++++++++++++++++++++++++
[[0;32m  OK  [0m] Started ACPI Events Check.
[[0;32m  OK  [0m] Reached target Paths.
[   27.320411] cloud-init[961]: ci-info: +-------+-------------+----------+---------------+-----------+-------+
[   27.384494] [cloud-init[0;32m  OK  [0m[961]: ] ci-info: | Route | Destination | Gateway  |    Genmask    | Interface | Flags |
Listening on ACPID Listen Socket.
[   27.385128] [cloud-init[0;32m  OK  [0m[961]: ] ci-info: +-------+-------------+----------+---------------+-----------+-------+Listening on UUID daemon activation socket.

[[0;32m  OK  [0m] Started Daily Cleanup of Temporary Directories.
[   27.599619] [cloud-init[0;32m  OK  [0m[961]: ] ci-info: |   0   |   0.0.0.0   | 10.0.2.2 |    0.0.0.0    |   enp0s3  |   UG  |Reached target Timers.

[   27.847576] [cloud-init[0;32m  OK  [0m[961]: ] ci-info: |   1   |   10.0.2.0  | 0.0.0.0  | 255.255.255.0 |   enp0s3  |   U   |Listening on D-Bus System Message Bus Socket.

[   28.039169] cloud-init[961]: ci-info: +-------+-------------+----------+---------------+-----------+-------+
[[0;32m  OK  [0m] Listening on LXD - unix socket.
[[0;32m  OK  [0m] Listening on Socket activation for snappy daemon.
[   28.322050] cloud-init[961]: ci-info: +++++++++++++++++++Route IPv6 info+++++++++++++++++++
[[0;32m  OK  [0m] Started iSCSI initiator daemon (iscsid).
[   28.523002] cloud-init[961]: ci-info: +-------+-------------+---------+-----------+-------+
[   28.607882] cloud-init[961]: ci-info: | Route | Destination | Gateway | Interface | Flags |
         Starting Login to default iSCSI targets...
[   28.699601] cloud-init[961]: ci-info: +-------+-------------+---------+-----------+-------+
[[0;32m  OK  [0m] Reached target Sockets.
[   28.768259] [cloud-init[0;32m  OK  [0m[961]: ] ci-info: |   0   |  fe80::/64  |    ::   |   enp0s3  |   U   |Reached target Basic System.

[   29.073051]          cloud-initStarting LSB: Record successful boot for GRUB...[961]: 
ci-info: |   4   |   ff00::/8  |    ::   |   enp0s3  |   U   |
         Starting Virtualbox guest utils...
[   29.215516] cloud-init[961]: ci-info: +-------+-------------+---------+-----------+-------+
[[0;32m  OK  [0m] Started ACPI event daemon.
[   29.319599] cloud-init[961]: Generating public/private rsa key pair.
[   29.368835]          cloud-initStarting LSB: MD monitoring daemon...[961]: 
Your identification has been saved in /etc/ssh/ssh_host_rsa_key.
         Starting System Logging Service...
[   29.438826] cloud-init[961]: Your public key has been saved in /etc/ssh/ssh_host_rsa_key.pub.
[   29.508514] cloud-init[961]: The key fingerprint is:
[   29.509016] cloud-init[961]: SHA256:SVaJz6V6qwPcM22dVfl85oKledwXTXQ3/3jBUEXwEzc root@ubuntu-xenial
         Starting /etc/rc.local Compatibility...
[   29.509237] cloud-init[961]: The key's randomart image is:
[   29.661323] cloud-init[961]: +---[RSA 2048]----+
[   29.661759] cloud-init[961]: |         ... .oEX|
[[0;32m  OK  [0m] Started Deferred execution scheduler.
[   29.661961] cloud-init[961]: |        ... . oo@|
[   29.758201] cloud-init[961]: |        oo o   B=|
[   29.758733] cloud-init[961]: |       o .+   ooX|
[[0;32m  OK  [0m] Started FUSE filesystem for LXC.
[   29.758972] cloud-init[961]: |     . .So . O.+=|
[   29.873358] cloud-init[961]: |      o = + * +.+|
[   29.873804] cloud-init[961]: |       . = . . ..|
[[0;32m  OK  [0m] Started Regular background program processing daemon.
[   29.873976] cloud-init[961]: |        . .      |
         Starting Login Service...
[   30.033263] cloud-init[961]: |        .o       |
         Starting Snappy daemon...
[   30.094862] cloud-init[961]: +----[SHA256]-----+
[   30.169389]          cloud-initStarting LXD - container startup/shutdown...[961]: 
Generating public/private dsa key pair.
[   30.228951] [cloud-init[0;32m  OK  [0m[961]: ] Your identification has been saved in /etc/ssh/ssh_host_dsa_key.Started D-Bus System Message Bus.

[   30.229686] cloud-init[961]: Your public key has been saved in /etc/ssh/ssh_host_dsa_key.pub.
[   30.340504]          cloud-initStarting Pollinate to seed the pseudo random number generator...[961]: 
The key fingerprint is:
[   30.416778]          cloud-initStarting Accounts Service...[961]: 
SHA256:fbhpN0ygBVXAZq3mxWjeSew9874bMMEjbsImEMnN46Y root@ubuntu-xenial
[   30.472354] [cloud-init[0;32m  OK  [0m[961]: ] The key's randomart image is:Started System Logging Service.

[   30.560473] [cloud-init[961]: [0;32m  OK  [0m+---[DSA 1024]----+] 
Started Snappy daemon.
[   30.561437] [cloud-init[0;32m  OK  [0m[961]: ] |    ..+ .oo+.    |Started /etc/rc.local Compatibility.

[   30.681313] [cloud-init[0;32m  OK  [0m[961]: ] |     o.+ .+ o    |Started LXD - container startup/shutdown.

[   30.681915] cloud-init[961]: |     .. .oo* +   |
[   30.791763] [cloud-init[0;32m  OK  [0m[961]: ] |      .o.+*o* o  |Started Pollinate to seed the pseudo random number generator.

[   30.792628] cloud-init[961]: |      o.SOoBo=   |
[[0;32m  OK  [0m] Started LSB: Record successful boot for GRUB.
[   30.922370] cloud-init[961]: |     E  o =*+ *  |
[   30.952084] [cloud-init[0;32m  OK  [0m[961]: ] |          + +  = |Started Login to default iSCSI targets.

[   30.956352] cloud-init[961]: |         . . .  o|
[   30.959186] cloud-init[961]: |               ++|
[   30.970250] cloud-init[961]: +----[SHA256]-----+
[   31.004856] [[0;32m  OK  [0m] Started LSB: MD monitoring daemon.
cloud-init[961]: Generating public/private ecdsa key pair.
[   31.021304] cloud-init[961]: Your identification has been saved in /etc/ssh/ssh_host_ecdsa_key.
[   31.029526] cloud-init[961]: Your public key has been saved in /etc/ssh/ssh_host_ecdsa_key.pub.
[   31.077062] cloud-init[961]: The key fingerprint is:
[   31.077426] cloud-init[961]: SHA256:SZTSYdkNlec/rBs9/0zPyF2O32YKLDauONDv0voPhzE root@ubuntu-xenial
[[0;32m  OK  [0m] Started Virtualbox guest utils.
[   31.077606] cloud-init[961]: The key's randomart image is:
[   31.280416] cloud-init[961]: +---[ECDSA 256]---+
[   31.281158] cloud-init[961]: |       .+=.+..   |
[[0;32m  OK  [0m] Started Login Service.
[   31.281310] cloud-init[961]: |      .o+ . o .  |
[[0;32m  OK  [0m] Started Unattended Upgrades Shutdown.
[   31.399373] cloud-init[961]: |       ..    o   |
[   31.473559] cloud-init[961]: |       . .    .  |
[   31.474000] cloud-init[961]: |     .  E     .. |
         Starting Authenticate and Authorize Users to Run Privileged Tasks...
[[0;32m  OK  [0m] Reached target Remote File Systems (Pre).
[[0;32m  OK  [0m] Reached target Remote File Systems.
[   31.474192] cloud-init[961]: |    . .  + .  .o.|
[   31.655645] cloud-init[961]: |     . oo = o..o+|
[   31.672259]          cloud-initStarting Permit User Sessions...[961]: 
|      o.o= o +.OO|
[   31.727176]          Starting LSB: automatic crash report generation...
cloud-init[961]: |      o*+oo  .*=%|
[   31.820660]          cloud-initStarting LSB: daemon to balance interrupts for SMP systems...[961]: 
+----[SHA256]-----+
[   31.849827]          cloud-initStarting LSB: Set the CPU Frequency Scaling governor to "ondemand"...[961]: 
Generating public/private ed25519 key pair.
[   31.850588] cloud-init[961]: Your identification has been saved in /etc/ssh/ssh_host_ed25519_key.
         Starting OpenBSD Secure Shell server...
[   31.912464] cloud-init[961]: Your public key has been saved in /etc/ssh/ssh_host_ed25519_key.pub.
[   32.005320]          Starting Wait until snapd is fully seeded...
cloud-init[961]: The key fingerprint is:
[   32.039190] cloud-init[961]: SHA256:+YHn62uD7e2Ai3fdSwYp7dKUYU/2WkeXm6VmxtpAo18 root@ubuntu-xenial
[   32.039783] cloud-init[961]: The key's randomart image is:
[[0;32m  OK  [0m] Started Permit User Sessions.
[   32.039952] cloud-init[961]: +--[ED25519 256]--+
[   32.153114] cloud-init[961]: |                 |
[   32.153750] cloud-init[961]: |                .|
[[0;32m  OK  [0m] Started Wait until snapd is fully seeded.
[   32.153954] cloud-init[961]: |            = o.+|
[   32.301331] cloud-init[961]: |         o = X +=|
[   32.302660] cloud-init[961]: |        S = B Eo+|
[[0;32m  OK  [0m] Started OpenBSD Secure Shell server.
[   32.303662] cloud-init[961]: |         = B X o.|
[[   32.469963] cloud-init[961]: |        .o=.=.=  |
[   32.471870] cloud-init[961]: |       .o.==.o.  |
[0;32m  OK  [0m] Started Authenticate and Authorize Users to Run Privileged Tasks.
[   32.474651] cloud-init[961]: |      ...==+o .. |
[[   32.745968] cloud-init[961]: +----[SHA256]-----+
[0;32m  OK  [0m] Started Accounts Service.
[[0;32m  OK  [0m] Started LSB: automatic crash report generation.
[[0;32m  OK  [0m] Started LSB: daemon to balance interrupts for SMP systems.
[[0;32m  OK  [0m] Started LSB: Set the CPU Frequency Scaling governor to "ondemand".
[[0;32m  OK  [0m] Created slice User Slice of vagrant.
[[0;32m  OK  [0m] Started Session 1 of user vagrant.
         Starting User Manager for UID 1000...
         Starting Apply the settings specified in cloud-config...
         Starting Hold until boot process finishes up...
         Starting Terminate Plymouth Boot Screen...
[[0;32m  OK  [0m] Started User Manager for UID 1000.
[[0;32m  OK  [0m] Started Hold until boot process finishes up.
[[0;32m  OK  [0m] Started Terminate Plymouth Boot Screen.
[[0;32m  OK  [0m] Started Serial Getty on ttyS0.
[[0;32m  OK  [0m] Started Getty on tty1.
[[0;32m  OK  [0m] Reached target Login Prompts.
         Starting Set console scheme...
[[0;32m  OK  [0m] Reached target Multi-User System.
[[0;32m  OK  [0m] Reached target Graphical Interface.
         Starting Update UTMP about System Runlevel Changes...
[[0;32m  OK  [0m] Started Set console scheme.
[[0;32m  OK  [0m] Started Update UTMP about System Runlevel Changes.
[   34.313288] cloud-init[1308]: Generating locales (this might take a while)...
[   36.313888] cloud-init[1308]:   en_US.UTF-8... done
[   36.368848] cloud-init[1308]: Generation complete.
[   36.876379] cloud-init[1308]: Cloud-init v. 19.2-36-g059d049c-0ubuntu1~16.04.1 running 'modules:config' at Wed, 09 Oct 2019 13:43:35 +0000. Up 34.00 seconds.
[[0;32m  OK  [0m] Started Apply the settings specified in cloud-config.
         Starting Execute cloud user/final scripts...
ci-info: no authorized ssh keys fingerprints found for user ubuntu.
<14>Oct  9 13:43:39 ec2: 
<14>Oct  9 13:43:39 ec2: #############################################################
<14>Oct  9 13:43:39 ec2: -----BEGIN SSH HOST KEY FINGERPRINTS-----
<14>Oct  9 13:43:39 ec2: 1024 SHA256:fbhpN0ygBVXAZq3mxWjeSew9874bMMEjbsImEMnN46Y root@ubuntu-xenial (DSA)
<14>Oct  9 13:43:39 ec2: 256 SHA256:SZTSYdkNlec/rBs9/0zPyF2O32YKLDauONDv0voPhzE root@ubuntu-xenial (ECDSA)
<14>Oct  9 13:43:39 ec2: 256 SHA256:+YHn62uD7e2Ai3fdSwYp7dKUYU/2WkeXm6VmxtpAo18 root@ubuntu-xenial (ED25519)
<14>Oct  9 13:43:39 ec2: 2048 SHA256:SVaJz6V6qwPcM22dVfl85oKledwXTXQ3/3jBUEXwEzc root@ubuntu-xenial (RSA)
<14>Oct  9 13:43:39 ec2: -----END SSH HOST KEY FINGERPRINTS-----
<14>Oct  9 13:43:39 ec2: #############################################################
-----BEGIN SSH HOST KEY KEYS-----
ecdsa-sha2-nistp256 AAAAE2VjZHNhLXNoYTItbmlzdHAyNTYAAAAIbmlzdHAyNTYAAABBBNyJN4uuY7EG+Iui4uH831fOQKgUfwd9VaxdZefgI9DwTDakK3bc47PPFGLFgg+2StavRCENPqNCXdZQmCC1LfU= root@ubuntu-xenial
ssh-ed25519 AAAAC3NzaC1lZDI1NTE5AAAAIHekteDJ3t+yl1UKOSb/xKdyySTqjmUN4w+mMi/bzJce root@ubuntu-xenial
ssh-rsa AAAAB3NzaC1yc2EAAAADAQABAAABAQDHf0Y7BZjkztcs6h+OOAn4kXRJGHkF8IFrSDcgZdE/cDr6oIRLKP0uFnGzsZiU5FAuoC4AGbS88zo554mxedK0xT0ACWhjoI679XYUrvJ+wjZNKFmNfLzH5nSigqf44RQOZJ0FQQKWGOmdMGrceqX5tzPiu5m7rDT/hNxSMgCU7WpxD6ksef7h8WPCOytitOjm206VFIIOxgIzFOQATWOBKvkNsV71DNfMOE6F310D0MkNNNXUqYuVEtvq2/pxz1N3KYP3GsY3i9CixKyNrfivgOoF+FAtM7F+SNIgrLWanDjz98vHKAvqTKmX8q1c7hwANlxdzRRuqTrpcKvsxPih root@ubuntu-xenial
-----END SSH HOST KEY KEYS-----
[   38.636987] cloud-init[1525]: Cloud-init v. 19.2-36-g059d049c-0ubuntu1~16.04.1 running 'modules:final' at Wed, 09 Oct 2019 13:43:39 +0000. Up 37.68 seconds.
[   38.637284] cloud-init[1525]: ci-info: no authorized ssh keys fingerprints found for user ubuntu.
[   38.637560] cloud-init[1525]: Cloud-init v. 19.2-36-g059d049c-0ubuntu1~16.04.1 finished at Wed, 09 Oct 2019 13:43:40 +0000. Datasource DataSourceNoCloud [seed=/dev/sdb][dsmode=net].  Up 38.62 seconds

Ubuntu 16.04.6 LTS ubuntu-xenial ttyS0

ubuntu-xenial login: 